<?xml version="1.0" encoding="UTF-8"?>
<testsuite name="Busqueda de productos" tests="1" skipped="0" failures="0" errors="0" timestamp="2021-12-01T16:55:53" hostname="DESKTOP-COLAIO2" time="71.265">
  <properties/>
  <testcase name="Realizar busqueda de productos en la pagina www.bestbuy.com" classname="Busqueda de productos" time="71.265"/>
  <system-out><![CDATA[]]></system-out>
  <system-err><![CDATA[Starting ChromeDriver 96.0.4664.45 (76e4c1bb2ab4671b8beba3444e61c0f17584b2fc-refs/branch-heads/4664@{#947}) on port 34175
Only local connections are allowed.
Please see https://chromedriver.chromium.org/security-considerations for suggestions on keeping ChromeDriver safe.
ChromeDriver was started successfully.
dic 01, 2021 11:55:56 AM org.openqa.selenium.remote.ProtocolHandshake createSession
INFORMACIÃ“N: Detected dialect: W3C
ERROR StatusLogger Log4j2 could not find a logging implementation. Please add log4j-core to the classpath. Using SimpleLogger to log to the console...
]]></system-err>
</testsuite>
